0 info it worked if it ends with ok
1 verbose cli [ '/usr/local/Cellar/node/6.2.1/bin/node',
1 verbose cli   '/usr/local/bin/npm',
1 verbose cli   'pack',
1 verbose cli   '.' ]
2 info using npm@3.9.3
3 info using node@v6.2.1
4 verbose config Skipping project config: /Users/Emonsalve/.npmrc. (matches userconfig)
5 silly cache add args [ '.', null ]
6 verbose cache add spec .
7 silly cache add parsed spec Result {
7 silly cache add   raw: '.',
7 silly cache add   scope: null,
7 silly cache add   name: null,
7 silly cache add   rawSpec: '.',
7 silly cache add   spec: '/Users/Emonsalve/Documents/NextUniversity/Geolocation',
7 silly cache add   type: 'local' }
8 error addLocal Could not install /Users/Emonsalve/Documents/NextUniversity/Geolocation
9 verbose stack Error: EISDIR: illegal operation on a directory, read
9 verbose stack     at Error (native)
10 verbose cwd /Users/Emonsalve/Documents/NextUniversity/Geolocation
11 error Darwin 15.5.0
12 error argv "/usr/local/Cellar/node/6.2.1/bin/node" "/usr/local/bin/npm" "pack" "."
13 error node v6.2.1
14 error npm  v3.9.3
15 error code EISDIR
16 error errno -21
17 error syscall read
18 error eisdir EISDIR: illegal operation on a directory, read
19 error eisdir This is most likely not a problem with npm itself
19 error eisdir and is related to npm not being able to find a package.json in
19 error eisdir a package you are trying to install.
20 verbose exit [ -21, true ]
